<?xml version="1.0" encoding="UTF-8"?>
<!-- Generated by org.testng.reporters.JUnitXMLReporter -->
<testsuite hostname="ip-172-31-32-197" ignored="0" name="Default test" tests="5" failures="0" timestamp="2021-02-25T16:51:04 UTC" time="11.227" errors="0">
  <testcase name="lauchChromeTest" time="4.755" classname="com.ecommerce.webapp.test.ApplicationDemoTest"/>
  <testcase name="verifyAmazonHomePageTitle" time="0.031" classname="com.ecommerce.webapp.test.ApplicationDemoTest"/>
  <testcase name="verifyAmazonHomePageSourceURL" time="0.13" classname="com.ecommerce.webapp.test.ApplicationDemoTest"/>
  <testcase name="lauchFireFoxTest" time="5.479" classname="com.ecommerce.webapp.test.ApplicationDemoTest"/>
  <testcase name="verifyFacebookHomePageTitle" time="0.787" classname="com.ecommerce.webapp.test.ApplicationDemoTest"/>
</testsuite> <!-- Default test -->
